[
    {
        "rtt": 1.0474920272827148,
        "ip_address": "192.168.1.1",
        "salto_intercontinental": false,
        "hop_num": 1
    },
    {
        "rtt": 38.77997398376465,
        "ip_address": "191.85.0.1",
        "salto_intercontinental": true,
        "hop_num": 2
    },
    {
        "rtt": null,
        "ip_address": null,
        "salto_intercontinental": null,
        "hop_num": null
    },
    {
        "rtt": null,
        "ip_address": null,
        "salto_intercontinental": null,
        "hop_num": null
    },
    {
        "rtt": null,
        "ip_address": null,
        "salto_intercontinental": null,
        "hop_num": null
    },
    {
        "rtt": null,
        "ip_address": null,
        "salto_intercontinental": null,
        "hop_num": null
    },
    {
        "rtt": null,
        "ip_address": null,
        "salto_intercontinental": null,
        "hop_num": null
    },
    {
        "rtt": null,
        "ip_address": null,
        "salto_intercontinental": null,
        "hop_num": null
    },
    {
        "rtt": 155.84588050842285,
        "ip_address": "213.140.37.13",
        "salto_intercontinental": false,
        "hop_num": 9
    },
    {
        "rtt": 153.10192108154297,
        "ip_address": "213.140.33.164",
        "salto_intercontinental": true,
        "hop_num": 10
    },
    {
        "rtt": 173.91300201416016,
        "ip_address": "154.54.11.157",
        "salto_intercontinental": true,
        "hop_num": 11
    },
    {
        "rtt": 187.44993209838867,
        "ip_address": "154.54.47.29",
        "salto_intercontinental": false,
        "hop_num": 12
    },
    {
        "rtt": 192.4738883972168,
        "ip_address": "154.54.24.197",
        "salto_intercontinental": false,
        "hop_num": 13
    },
    {
        "rtt": 183.0289363861084,
        "ip_address": "154.54.24.221",
        "salto_intercontinental": false,
        "hop_num": 14
    },
    {
        "rtt": 198.17280769348145,
        "ip_address": "154.54.83.54",
        "salto_intercontinental": false,
        "hop_num": 15
    },
    {
        "rtt": null,
        "ip_address": null,
        "salto_intercontinental": null,
        "hop_num": null
    },
    {
        "rtt": 193.85004043579102,
        "ip_address": "38.140.44.154",
        "salto_intercontinental": false,
        "hop_num": 17
    },
    {
        "rtt": 202.26311683654785,
        "ip_address": "128.2.255.249",
        "salto_intercontinental": false,
        "hop_num": 18
    },
    {
        "rtt": 214.3080234527588,
        "ip_address": "128.2.255.210",
        "salto_intercontinental": false,
        "hop_num": 19
    },
    {
        "rtt": 199.2208957672119,
        "ip_address": "128.2.42.52",
        "salto_intercontinental": false,
        "hop_num": 20
    }
]
