[
    {
        "rtt": 6.703019142150879,
        "ip_address": "192.168.1.1",
        "salto_intercontinental": false,
        "hop_num": 1
    },
    {
        "rtt": 116.39404296875,
        "ip_address": "191.85.0.1",
        "salto_intercontinental": false,
        "hop_num": 2
    },
    {
        "rtt": null,
        "ip_address": null,
        "salto_intercontinental": null,
        "hop_num": null
    },
    {
        "rtt": null,
        "ip_address": null,
        "salto_intercontinental": null,
        "hop_num": null
    },
    {
        "rtt": null,
        "ip_address": null,
        "salto_intercontinental": null,
        "hop_num": null
    },
    {
        "rtt": null,
        "ip_address": null,
        "salto_intercontinental": null,
        "hop_num": null
    },
    {
        "rtt": null,
        "ip_address": null,
        "salto_intercontinental": null,
        "hop_num": null
    },
    {
        "rtt": null,
        "ip_address": null,
        "salto_intercontinental": null,
        "hop_num": null
    },
    {
        "rtt": 220.69406509399414,
        "ip_address": "213.140.49.13",
        "salto_intercontinental": false,
        "hop_num": 9
    },
    {
        "rtt": 216.14384651184082,
        "ip_address": "213.140.52.39",
        "salto_intercontinental": false,
        "hop_num": 10
    },
    {
        "rtt": 249.85194206237793,
        "ip_address": "129.250.5.33",
        "salto_intercontinental": false,
        "hop_num": 11
    },
    {
        "rtt": 232.81002044677734,
        "ip_address": "129.250.3.26",
        "salto_intercontinental": false,
        "hop_num": 12
    },
    {
        "rtt": 350.3570556640625,
        "ip_address": "129.250.2.119",
        "salto_intercontinental": false,
        "hop_num": 13
    },
    {
        "rtt": 340.1918411254883,
        "ip_address": "129.250.5.39",
        "salto_intercontinental": false,
        "hop_num": 14
    },
    {
        "rtt": 354.8719882965088,
        "ip_address": "129.250.3.232",
        "salto_intercontinental": false,
        "hop_num": 15
    },
    {
        "rtt": 353.2741069793701,
        "ip_address": "61.200.80.218",
        "salto_intercontinental": false,
        "hop_num": 16
    },
    {
        "rtt": null,
        "ip_address": null,
        "salto_intercontinental": null,
        "hop_num": null
    },
    {
        "rtt": null,
        "ip_address": null,
        "salto_intercontinental": null,
        "hop_num": null
    },
    {
        "rtt": null,
        "ip_address": null,
        "salto_intercontinental": null,
        "hop_num": null
    },
    {
        "rtt": null,
        "ip_address": null,
        "salto_intercontinental": null,
        "hop_num": null
    },
    {
        "rtt": null,
        "ip_address": null,
        "salto_intercontinental": null,
        "hop_num": null
    },
    {
        "rtt": null,
        "ip_address": null,
        "salto_intercontinental": null,
        "hop_num": null
    },
    {
        "rtt": 346.3940620422363,
        "ip_address": "210.152.135.178",
        "salto_intercontinental": false,
        "hop_num": 23
    }
]
